[debug] [2024-01-03T13:37:37.254Z] ----------------------------------------------------------------------
[debug] [2024-01-03T13:37:37.256Z] Command:       /Users/libertytakehara/.nodebrew/node/v20.6.1/bin/node /Users/libertytakehara/.nodebrew/current/bin/firebase serve
[debug] [2024-01-03T13:37:37.256Z] CLI Version:   13.0.2
[debug] [2024-01-03T13:37:37.256Z] Platform:      darwin
[debug] [2024-01-03T13:37:37.257Z] Node Version:  v20.6.1
[debug] [2024-01-03T13:37:37.257Z] Time:          Wed Jan 03 2024 22:37:37 GMT+0900 (Japan Standard Time)
[debug] [2024-01-03T13:37:37.257Z] ----------------------------------------------------------------------
[debug] 
[debug] [2024-01-03T13:37:37.292Z] > command requires scopes: ["email","openid","https://www.googleapis.com/auth/cloudplatformprojects.readonly","https://www.googleapis.com/auth/firebase","https://www.googleapis.com/auth/cloud-platform"]
[debug] [2024-01-03T13:37:37.292Z] > authorizing via signed-in user (takehara@liberty-it.biz)
[debug] [2024-01-03T13:37:37.292Z] [iam] checking project tokyo-sanpo-life for permissions ["firebase.projects.get"]
[debug] [2024-01-03T13:37:37.293Z] >>> [apiv2][query] POST https://cloudresourcemanager.googleapis.com/v1/projects/tokyo-sanpo-life:testIamPermissions [none]
[debug] [2024-01-03T13:37:37.293Z] >>> [apiv2][(partial)header] POST https://cloudresourcemanager.googleapis.com/v1/projects/tokyo-sanpo-life:testIamPermissions x-goog-quota-user=projects/tokyo-sanpo-life
[debug] [2024-01-03T13:37:37.293Z] >>> [apiv2][body] POST https://cloudresourcemanager.googleapis.com/v1/projects/tokyo-sanpo-life:testIamPermissions {"permissions":["firebase.projects.get"]}
[debug] [2024-01-03T13:37:38.034Z] <<< [apiv2][status] POST https://cloudresourcemanager.googleapis.com/v1/projects/tokyo-sanpo-life:testIamPermissions 200
[debug] [2024-01-03T13:37:38.035Z] <<< [apiv2][body] POST https://cloudresourcemanager.googleapis.com/v1/projects/tokyo-sanpo-life:testIamPermissions {"permissions":["firebase.projects.get"]}
[debug] [2024-01-03T13:37:38.036Z] >>> [apiv2][query] GET https://firebase.googleapis.com/v1beta1/projects/tokyo-sanpo-life [none]
[debug] [2024-01-03T13:37:38.356Z] <<< [apiv2][status] GET https://firebase.googleapis.com/v1beta1/projects/tokyo-sanpo-life 200
[debug] [2024-01-03T13:37:38.356Z] <<< [apiv2][body] GET https://firebase.googleapis.com/v1beta1/projects/tokyo-sanpo-life {"projectId":"tokyo-sanpo-life","projectNumber":"702612803712","displayName":"tokyo-sanpo-life-prod","name":"projects/tokyo-sanpo-life","resources":{"hostingSite":"tokyo-sanpo-life"},"state":"ACTIVE","etag":"1_5a6e3a83-e8d2-46e0-8b95-195df64fe181"}
[info] 
[info] === Serving from '/Users/libertytakehara/Desktop/workspace/github/tokyo-sanpo-life'...
[info] 
[debug] [2024-01-03T13:37:38.363Z] defaultcredentials: writing to file /Users/libertytakehara/.config/firebase/takehara_liberty-it_biz_application_default_credentials.json
[debug] [2024-01-03T13:37:38.363Z] >>> [apiv2][query] GET https://firebasehosting.googleapis.com/v1beta1/projects/tokyo-sanpo-life/sites 
[debug] [2024-01-03T13:37:38.366Z] Setting GAC to /Users/libertytakehara/.config/firebase/takehara_liberty-it_biz_application_default_credentials.json {"metadata":{"emulator":{"name":"functions"},"message":"Setting GAC to /Users/libertytakehara/.config/firebase/takehara_liberty-it_biz_application_default_credentials.json"}}
[debug] [2024-01-03T13:37:38.367Z] >>> [apiv2][query] GET https://firebase.googleapis.com/v1beta1/projects/tokyo-sanpo-life/adminSdkConfig [none]
[debug] [2024-01-03T13:37:38.601Z] <<< [apiv2][status] GET https://firebase.googleapis.com/v1beta1/projects/tokyo-sanpo-life/adminSdkConfig 200
[debug] [2024-01-03T13:37:38.601Z] <<< [apiv2][body] GET https://firebase.googleapis.com/v1beta1/projects/tokyo-sanpo-life/adminSdkConfig {"projectId":"tokyo-sanpo-life","storageBucket":"tokyo-sanpo-life.appspot.com"}
[debug] [2024-01-03T13:37:39.008Z] <<< [apiv2][status] GET https://firebasehosting.googleapis.com/v1beta1/projects/tokyo-sanpo-life/sites 200
[debug] [2024-01-03T13:37:39.008Z] <<< [apiv2][body] GET https://firebasehosting.googleapis.com/v1beta1/projects/tokyo-sanpo-life/sites {"sites":[{"name":"projects/tokyo-sanpo-life/sites/tokyo-sanpo-life","defaultUrl":"https://tokyo-sanpo-life.web.app","appId":"1:702612803712:web:1700ffd54eef1da20a1665","type":"DEFAULT_SITE"}]}
[debug] [2024-01-03T13:37:39.009Z] >>> [apiv2][query] GET https://firebase.googleapis.com/v1beta1/projects/tokyo-sanpo-life/webApps/1:702612803712:web:1700ffd54eef1da20a1665/config [none]
[debug] [2024-01-03T13:37:39.784Z] <<< [apiv2][status] GET https://firebase.googleapis.com/v1beta1/projects/tokyo-sanpo-life/webApps/1:702612803712:web:1700ffd54eef1da20a1665/config 200
[debug] [2024-01-03T13:37:39.784Z] <<< [apiv2][body] GET https://firebase.googleapis.com/v1beta1/projects/tokyo-sanpo-life/webApps/1:702612803712:web:1700ffd54eef1da20a1665/config {"projectId":"tokyo-sanpo-life","appId":"1:702612803712:web:1700ffd54eef1da20a1665","storageBucket":"tokyo-sanpo-life.appspot.com","apiKey":"AIzaSyAW0fJXkv5YGBZDcFdNeaQdH4s0JwRVIec","authDomain":"tokyo-sanpo-life.firebaseapp.com","messagingSenderId":"702612803712","measurementId":"G-DNVGJXLX5J"}
[debug] [2024-01-03T13:37:39.806Z] >>> [apiv2][query] GET https://firebase.googleapis.com/v1beta1/projects/tokyo-sanpo-life [none]
[debug] [2024-01-03T13:37:40.052Z] <<< [apiv2][status] GET https://firebase.googleapis.com/v1beta1/projects/tokyo-sanpo-life 200
